<?xml version="1.0" encoding="UTF-8"?>
<!-- Generated by org.testng.reporters.JUnitReportReporter -->
<testsuite hostname="DESKTOP-EURB4RD" failures="0" tests="1" name="TestCases.RechargeTestCase" time="30.645" errors="0" timestamp="2022-07-31T14:19:31 IST" skipped="0">
  <testcase classname="TestCases.RechargeTestCase" name="rechargeModuleTest" time="30.645"/>
</testsuite> <!-- TestCases.RechargeTestCase -->
